0 info it worked if it ends with ok
1 verbose cli [ '/Users/robertsmith/.nvm/versions/node/v5.9.1/bin/node',
1 verbose cli   '/Users/robertsmith/.nvm/versions/node/v5.9.1/bin/npm',
1 verbose cli   'start' ]
2 info using npm@3.7.3
3 info using node@v5.9.1
4 verbose run-script [ 'prestart', 'start', 'poststart' ]
5 info lifecycle customer-preference-centre-sandbox@1.0.0~prestart: customer-preference-centre-sandbox@1.0.0
6 silly lifecycle customer-preference-centre-sandbox@1.0.0~prestart: no script for prestart, continuing
7 info lifecycle customer-preference-centre-sandbox@1.0.0~start: customer-preference-centre-sandbox@1.0.0
8 verbose lifecycle customer-preference-centre-sandbox@1.0.0~start: unsafe-perm in lifecycle true
9 verbose lifecycle customer-preference-centre-sandbox@1.0.0~start: PATH: /Users/robertsmith/.nvm/versions/node/v5.9.1/lib/node_modules/npm/bin/node-gyp-bin:/Applications/MAMP/htdocs/personal/sainsburys/test-gulp/node_modules/.bin:/Users/robertsmith/.nvm/versions/node/v5.9.1/bin:/Users/robertsmith/.nvm/versions/node/v5.9.1/bin:/usr/local/bin:/usr/bin:/bin:/usr/sbin:/sbin:/usr/local/git/bin
10 verbose lifecycle customer-preference-centre-sandbox@1.0.0~start: CWD: /Applications/MAMP/htdocs/personal/sainsburys/test-gulp
11 silly lifecycle customer-preference-centre-sandbox@1.0.0~start: Args: [ '-c', 'gulp --watch' ]
12 silly lifecycle customer-preference-centre-sandbox@1.0.0~start: Returned: code: 1  signal: null
13 info lifecycle customer-preference-centre-sandbox@1.0.0~start: Failed to exec start script
14 verbose stack Error: customer-preference-centre-sandbox@1.0.0 start: `gulp --watch`
14 verbose stack Exit status 1
14 verbose stack     at EventEmitter.<anonymous> (/Users/robertsmith/.nvm/versions/node/v5.9.1/lib/node_modules/npm/lib/utils/lifecycle.js:239:16)
14 verbose stack     at emitTwo (events.js:100:13)
14 verbose stack     at EventEmitter.emit (events.js:185:7)
14 verbose stack     at ChildProcess.<anonymous> (/Users/robertsmith/.nvm/versions/node/v5.9.1/lib/node_modules/npm/lib/utils/spawn.js:24:14)
14 verbose stack     at emitTwo (events.js:100:13)
14 verbose stack     at ChildProcess.emit (events.js:185:7)
14 verbose stack     at maybeClose (internal/child_process.js:850:16)
14 verbose stack     at Process.ChildProcess._handle.onexit (internal/child_process.js:215:5)
15 verbose pkgid customer-preference-centre-sandbox@1.0.0
16 verbose cwd /Applications/MAMP/htdocs/personal/sainsburys/test-gulp
17 error Darwin 14.3.0
18 error argv "/Users/robertsmith/.nvm/versions/node/v5.9.1/bin/node" "/Users/robertsmith/.nvm/versions/node/v5.9.1/bin/npm" "start"
19 error node v5.9.1
20 error npm  v3.7.3
21 error code ELIFECYCLE
22 error customer-preference-centre-sandbox@1.0.0 start: `gulp --watch`
22 error Exit status 1
23 error Failed at the customer-preference-centre-sandbox@1.0.0 start script 'gulp --watch'.
23 error Make sure you have the latest version of node.js and npm installed.
23 error If you do, this is most likely a problem with the customer-preference-centre-sandbox package,
23 error not with npm itself.
23 error Tell the author that this fails on your system:
23 error     gulp --watch
23 error You can get information on how to open an issue for this project with:
23 error     npm bugs customer-preference-centre-sandbox
23 error Or if that isn't available, you can get their info via:
23 error     npm owner ls customer-preference-centre-sandbox
23 error There is likely additional logging output above.
24 verbose exit [ 1, true ]
